# JRE version: Java(TM) SE Runtime Environment (8.0_141-b15) (build 1.8.0_141-b15)
# Java VM: Java HotSpot(TM) 64-Bit Server VM (25.141-b15 mixed mode windows-amd64 compressed oops)
Heap:
 PSYoungGen      total 434176K, used 83540K [0x00000000e0000000, 0x0000000100000000, 0x0000000100000000)
  eden space 402432K, 18% used [0x00000000e0000000,0x00000000e4929b88,0x00000000f8900000)
  from space 31744K, 27% used [0x00000000f8900000,0x00000000f916b6c8,0x00000000fa800000)
  to   space 30720K, 0% used [0x00000000fe200000,0x00000000fe200000,0x0000000100000000)
 ParOldGen       total 129024K, used 75037K [0x00000000a0000000, 0x00000000a7e00000, 0x00000000e0000000)
  object space 129024K, 58% used [0x00000000a0000000,0x00000000a49474c0,0x00000000a7e00000)
 Metaspace       used 98114K, capacity 102498K, committed 102604K, reserved 1138688K
  class space    used 12661K, capacity 13431K, committed 13516K, reserved 1048576K
GC Heap History (10 events):
Event: 1057.251 GC heap before
{Heap before GC invocations=29 (full 4):
 PSYoungGen      total 373760K, used 344628K [0x00000000e0000000, 0x00000000f8f00000, 0x0000000100000000)
  eden space 338944K, 100% used [0x00000000e0000000,0x00000000f4b00000,0x00000000f4b00000)
  from space 34816K, 16% used [0x00000000f6d00000,0x00000000f728d248,0x00000000f8f00000)
  to   space 34816K, 0% used [0x00000000f4b00000,0x00000000f4b00000,0x00000000f6d00000)
 ParOldGen       total 129024K, used 62157K [0x00000000a0000000, 0x00000000a7e00000, 0x00000000e0000000)
  object space 129024K, 48% used [0x00000000a0000000,0x00000000a3cb3708,0x00000000a7e00000)
 Metaspace       used 97750K, capacity 102016K, committed 102348K, reserved 1138688K
  class space    used 12650K, capacity 13392K, committed 13516K, reserved 1048576K
Event: 1057.419 GC heap after
Heap after GC invocations=29 (full 4):
 PSYoungGen      total 373760K, used 14592K [0x00000000e0000000, 0x00000000f8f00000, 0x0000000100000000)
  eden space 338944K, 0% used [0x00000000e0000000,0x00000000e0000000,0x00000000f4b00000)
  from space 34816K, 41% used [0x00000000f4b00000,0x00000000f59403a8,0x00000000f6d00000)
  to   space 34816K, 0% used [0x00000000f6d00000,0x00000000f6d00000,0x00000000f8f00000)
 ParOldGen       total 129024K, used 62157K [0x00000000a0000000, 0x00000000a7e00000, 0x00000000e0000000)
  object space 129024K, 48% used [0x00000000a0000000,0x00000000a3cb3708,0x00000000a7e00000)
 Metaspace       used 97750K, capacity 102016K, committed 102348K, reserved 1138688K
  class space    used 12650K, capacity 13392K, committed 13516K, reserved 1048576K
}
Event: 1062.537 GC heap before
{Heap before GC invocations=30 (full 4):
 PSYoungGen      total 373760K, used 353536K [0x00000000e0000000, 0x00000000f8f00000, 0x0000000100000000)
  eden space 338944K, 100% used [0x00000000e0000000,0x00000000f4b00000,0x00000000f4b00000)
  from space 34816K, 41% used [0x00000000f4b00000,0x00000000f59403a8,0x00000000f6d00000)
  to   space 34816K, 0% used [0x00000000f6d00000,0x00000000f6d00000,0x00000000f8f00000)
 ParOldGen       total 129024K, used 62157K [0x00000000a0000000, 0x00000000a7e00000, 0x00000000e0000000)
  object space 129024K, 48% used [0x00000000a0000000,0x00000000a3cb3708,0x00000000a7e00000)
 Metaspace       used 97824K, capacity 102104K, committed 102348K, reserved 1138688K
  class space    used 12652K, capacity 13396K, committed 13516K, reserved 1048576K
Event: 1062.579 GC heap after
Heap after GC invocations=30 (full 4):
 PSYoungGen      total 376832K, used 13064K [0x00000000e0000000, 0x00000000fca80000, 0x0000000100000000)
  eden space 342016K, 0% used [0x00000000e0000000,0x00000000e0000000,0x00000000f4e00000)
  from space 34816K, 37% used [0x00000000f6d00000,0x00000000f79c22f8,0x00000000f8f00000)
  to   space 31744K, 0% used [0x00000000f4e00000,0x00000000f4e00000,0x00000000f6d00000)
 ParOldGen       total 129024K, used 63563K [0x00000000a0000000, 0x00000000a7e00000, 0x00000000e0000000)
  object space 129024K, 49% used [0x00000000a0000000,0x00000000a3e12fe0,0x00000000a7e00000)
 Metaspace       used 97824K, capacity 102104K, committed 102348K, reserved 1138688K
  class space    used 12652K, capacity 13396K, committed 13516K, reserved 1048576K
}
Event: 1066.347 GC heap before
{Heap before GC invocations=31 (full 4):
 PSYoungGen      total 376832K, used 355080K [0x00000000e0000000, 0x00000000fca80000, 0x0000000100000000)
  eden space 342016K, 100% used [0x00000000e0000000,0x00000000f4e00000,0x00000000f4e00000)
  from space 34816K, 37% used [0x00000000f6d00000,0x00000000f79c22f8,0x00000000f8f00000)
  to   space 31744K, 0% used [0x00000000f4e00000,0x00000000f4e00000,0x00000000f6d00000)
 ParOldGen       total 129024K, used 63563K [0x00000000a0000000, 0x00000000a7e00000, 0x00000000e0000000)
  object space 129024K, 49% used [0x00000000a0000000,0x00000000a3e12fe0,0x00000000a7e00000)
 Metaspace       used 97990K, capacity 102340K, committed 102604K, reserved 1138688K
  class space    used 12659K, capacity 13428K, committed 13516K, reserved 1048576K
Event: 1066.433 GC heap after
Heap after GC invocations=31 (full 4):
 PSYoungGen      total 373760K, used 3817K [0x00000000e0000000, 0x00000000fcc80000, 0x0000000100000000)
  eden space 342016K, 0% used [0x00000000e0000000,0x00000000e0000000,0x00000000f4e00000)
  from space 31744K, 12% used [0x00000000f4e00000,0x00000000f51ba640,0x00000000f6d00000)
  to   space 32256K, 0% used [0x00000000fad00000,0x00000000fad00000,0x00000000fcc80000)
 ParOldGen       total 129024K, used 69886K [0x00000000a0000000, 0x00000000a7e00000, 0x00000000e0000000)
  object space 129024K, 54% used [0x00000000a0000000,0x00000000a443faf8,0x00000000a7e00000)
 Metaspace       used 97990K, capacity 102340K, committed 102604K, reserved 1138688K
  class space    used 12659K, capacity 13428K, committed 13516K, reserved 1048576K
}
Event: 1070.507 GC heap before
{Heap before GC invocations=32 (full 4):
 PSYoungGen      total 373760K, used 345833K [0x00000000e0000000, 0x00000000fcc80000, 0x0000000100000000)
  eden space 342016K, 100% used [0x00000000e0000000,0x00000000f4e00000,0x00000000f4e00000)
  from space 31744K, 12% used [0x00000000f4e00000,0x00000000f51ba640,0x00000000f6d00000)
  to   space 32256K, 0% used [0x00000000fad00000,0x00000000fad00000,0x00000000fcc80000)
 ParOldGen       total 129024K, used 69886K [0x00000000a0000000, 0x00000000a7e00000, 0x00000000e0000000)
  object space 129024K, 54% used [0x00000000a0000000,0x00000000a443faf8,0x00000000a7e00000)
 Metaspace       used 98026K, capacity 102366K, committed 102604K, reserved 1138688K
  class space    used 12661K, capacity 13431K, committed 13516K, reserved 1048576K
Event: 1070.543 GC heap after
Heap after GC invocations=32 (full 4):
 PSYoungGen      total 429056K, used 6412K [0x00000000e0000000, 0x00000000fc700000, 0x0000000100000000)
  eden space 402432K, 0% used [0x00000000e0000000,0x00000000e0000000,0x00000000f8900000)
  from space 26624K, 24% used [0x00000000fad00000,0x00000000fb343130,0x00000000fc700000)
  to   space 31744K, 0% used [0x00000000f8900000,0x00000000f8900000,0x00000000fa800000)
 ParOldGen       total 129024K, used 70990K [0x00000000a0000000, 0x00000000a7e00000, 0x00000000e0000000)
  object space 129024K, 55% used [0x00000000a0000000,0x00000000a4553b28,0x00000000a7e00000)
 Metaspace       used 98026K, capacity 102366K, committed 102604K, reserved 1138688K
  class space    used 12661K, capacity 13431K, committed 13516K, reserved 1048576K
}
Event: 1074.508 GC heap before
{Heap before GC invocations=33 (full 4):
 PSYoungGen      total 429056K, used 408844K [0x00000000e0000000, 0x00000000fc700000, 0x0000000100000000)
  eden space 402432K, 100% used [0x00000000e0000000,0x00000000f8900000,0x00000000f8900000)
  from space 26624K, 24% used [0x00000000fad00000,0x00000000fb343130,0x00000000fc700000)
  to   space 31744K, 0% used [0x00000000f8900000,0x00000000f8900000,0x00000000fa800000)
 ParOldGen       total 129024K, used 70990K [0x00000000a0000000, 0x00000000a7e00000, 0x00000000e0000000)
  object space 129024K, 55% used [0x00000000a0000000,0x00000000a4553b28,0x00000000a7e00000)
 Metaspace       used 98110K, capacity 102434K, committed 102604K, reserved 1138688K
  class space    used 12661K, capacity 13431K, committed 13516K, reserved 1048576K
Event: 1074.602 GC heap after
Heap after GC invocations=33 (full 4):
 PSYoungGen      total 434176K, used 8621K [0x00000000e0000000, 0x0000000100000000, 0x0000000100000000)
  eden space 402432K, 0% used [0x00000000e0000000,0x00000000e0000000,0x00000000f8900000)
  from space 31744K, 27% used [0x00000000f8900000,0x00000000f916b6c8,0x00000000fa800000)
  to   space 30720K, 0% used [0x00000000fe200000,0x00000000fe200000,0x0000000100000000)
 ParOldGen       total 129024K, used 75037K [0x00000000a0000000, 0x00000000a7e00000, 0x00000000e0000000)
  object space 129024K, 58% used [0x00000000a0000000,0x00000000a49474c0,0x00000000a7e00000)
 Metaspace       used 98110K, capacity 102434K, committed 102604K, reserved 1138688K
  class space    used 12661K, capacity 13431K, committed 13516K, reserved 1048576K
}

